<?xml version="1.0" encoding="UTF-8"?>
<!-- Generated by org.testng.reporters.JUnitReportReporter -->
<testsuite hostname="DESKTOP-9M0O4PI" failures="0" tests="4" name="com.tutorialsninja.qa.testcases.RegisterTest" time="42.604" errors="0" timestamp="2025-03-21T15:05:57 IST" skipped="0">
  <testcase classname="com.tutorialsninja.qa.testcases.RegisterTest" name="verifyRegisteringAnAccountWithMandatoryFields" time="9.921"/>
  <testcase classname="com.tutorialsninja.qa.testcases.RegisterTest" name="verifyReisterAccountByProvidingAllFields" time="7.160"/>
  <testcase classname="com.tutorialsninja.qa.testcases.RegisterTest" name="verifyRegisteringAccountWithExistingEmail" time="8.236"/>
  <testcase classname="com.tutorialsninja.qa.testcases.RegisterTest" name="verifyRegisteringAccoutWithoutFillingAnyDetails" time="17.287"/>
</testsuite> <!-- com.tutorialsninja.qa.testcases.RegisterTest -->
