<?xml version="1.0" encoding="UTF-8"?>
<!-- Generated by org.testng.reporters.JUnitReportReporter -->
<testsuite hostname="IN-86M9WP3" failures="0" tests="4" name="com.tutorialsninja.qa.testcases.Register" time="37.522" errors="0" timestamp="2025-03-18T22:31:35 IST" skipped="0">
  <testcase classname="com.tutorialsninja.qa.testcases.Register" name="verifyRegisteringAnAccountWithMandatoryFields" time="7.794"/>
  <testcase classname="com.tutorialsninja.qa.testcases.Register" name="verifyReisterAccountByProvidingAllFields" time="12.325"/>
  <testcase classname="com.tutorialsninja.qa.testcases.Register" name="verifyRegisteringAccountWithExistingEmail" time="8.624"/>
  <testcase classname="com.tutorialsninja.qa.testcases.Register" name="verifyRegisteringAccoutWithoutFillingAnyDetails" time="8.779"/>
</testsuite> <!-- com.tutorialsninja.qa.testcases.Register -->
